2020-10-04 20:49:10,481 autoreload.run_with_reloader 613 INFO    => Watching for file changes with StatReloader
2020-10-04 20:49:25,911 basehttp.log_message 157 INFO    => "GET / HTTP/1.1" 200 10146
2020-10-04 20:49:25,921 basehttp.log_message 157 INFO    => "GET /static/rest_framework/js/jquery-3.5.1.min.js HTTP/1.1" 304 0
2020-10-04 20:49:25,922 basehttp.log_message 157 INFO    => "GET /static/rest_framework/css/bootstrap-tweaks.css HTTP/1.1" 304 0
2020-10-04 20:49:25,922 basehttp.log_message 157 INFO    => "GET /static/rest_framework/js/ajax-form.js HTTP/1.1" 304 0
2020-10-04 20:49:25,923 basehttp.log_message 157 INFO    => "GET /static/rest_framework/css/prettify.css HTTP/1.1" 304 0
2020-10-04 20:49:25,925 basehttp.log_message 157 INFO    => "GET /static/rest_framework/css/default.css HTTP/1.1" 304 0
2020-10-04 20:49:25,925 basehttp.log_message 157 INFO    => "GET /static/rest_framework/js/csrf.js HTTP/1.1" 304 0
2020-10-04 20:49:25,928 basehttp.log_message 157 INFO    => "GET /static/rest_framework/js/default.js HTTP/1.1" 304 0
2020-10-04 20:49:25,929 basehttp.log_message 157 INFO    => "GET /static/rest_framework/js/bootstrap.min.js HTTP/1.1" 304 0
2020-10-04 20:49:25,929 basehttp.log_message 157 INFO    => "GET /static/rest_framework/js/prettify-min.js HTTP/1.1" 304 0
2020-10-04 20:49:25,931 basehttp.log_message 157 INFO    => "GET /static/rest_framework/img/grid.png HTTP/1.1" 304 0
2020-10-04 20:49:25,932 basehttp.log_message 157 INFO    => "GET /static/rest_framework/css/bootstrap.min.css HTTP/1.1" 304 0
2020-10-04 20:49:27,960 basehttp.log_message 157 INFO    => "GET / HTTP/1.1" 200 10146
2020-10-04 20:49:46,088 basehttp.log_message 157 INFO    => "OPTIONS / HTTP/1.1" 200 10307
2020-10-04 20:49:52,129 basehttp.log_message 157 INFO    => "GET /books/ HTTP/1.1" 200 16290
2020-10-04 20:49:52,163 log.log_response 224 WARNING => Not Found: /apple-touch-icon-precomposed.png
2020-10-04 20:49:52,164 basehttp.log_message 157 WARNING => "GET /apple-touch-icon-precomposed.png HTTP/1.1" 404 4015
2020-10-04 20:49:52,169 log.log_response 224 WARNING => Not Found: /apple-touch-icon.png
2020-10-04 20:49:52,170 basehttp.log_message 157 WARNING => "GET /apple-touch-icon.png HTTP/1.1" 404 3979
2020-10-04 20:49:52,174 log.log_response 224 WARNING => Not Found: /favicon.ico
2020-10-04 20:49:52,174 basehttp.log_message 157 WARNING => "GET /favicon.ico HTTP/1.1" 404 3952
2020-10-04 20:49:52,179 log.log_response 224 WARNING => Not Found: /apple-touch-icon-precomposed.png
2020-10-04 20:49:52,179 basehttp.log_message 157 WARNING => "GET /apple-touch-icon-precomposed.png HTTP/1.1" 404 4015
2020-10-04 20:49:52,184 log.log_response 224 WARNING => Not Found: /apple-touch-icon.png
2020-10-04 20:49:52,184 basehttp.log_message 157 WARNING => "GET /apple-touch-icon.png HTTP/1.1" 404 3979
2020-10-04 20:49:52,189 log.log_response 224 WARNING => Not Found: /favicon.ico
2020-10-04 20:49:52,190 basehttp.log_message 157 WARNING => "GET /favicon.ico HTTP/1.1" 404 3952
2020-10-04 20:49:52,234 basehttp.log_message 157 INFO    => "GET /books/ HTTP/1.1" 200 16290
2020-10-04 20:49:52,257 log.log_response 224 WARNING => Not Found: /apple-touch-icon-precomposed.png
2020-10-04 20:49:52,257 basehttp.log_message 157 WARNING => "GET /apple-touch-icon-precomposed.png HTTP/1.1" 404 4015
2020-10-04 20:49:52,262 log.log_response 224 WARNING => Not Found: /apple-touch-icon.png
2020-10-04 20:49:52,262 basehttp.log_message 157 WARNING => "GET /apple-touch-icon.png HTTP/1.1" 404 3979
2020-10-04 20:49:52,266 log.log_response 224 WARNING => Not Found: /favicon.ico
2020-10-04 20:49:52,267 basehttp.log_message 157 WARNING => "GET /favicon.ico HTTP/1.1" 404 3952
2020-10-04 20:49:52,273 log.log_response 224 WARNING => Not Found: /apple-touch-icon-precomposed.png
2020-10-04 20:49:52,274 basehttp.log_message 157 WARNING => "GET /apple-touch-icon-precomposed.png HTTP/1.1" 404 4015
2020-10-04 20:49:52,278 log.log_response 224 WARNING => Not Found: /apple-touch-icon.png
2020-10-04 20:49:52,278 basehttp.log_message 157 WARNING => "GET /apple-touch-icon.png HTTP/1.1" 404 3979
2020-10-04 20:49:52,283 log.log_response 224 WARNING => Not Found: /favicon.ico
2020-10-04 20:49:52,283 basehttp.log_message 157 WARNING => "GET /favicon.ico HTTP/1.1" 404 3952
2020-10-04 20:49:53,945 basehttp.log_message 157 INFO    => "GET / HTTP/1.1" 200 10146
2020-10-04 20:49:53,975 log.log_response 224 WARNING => Not Found: /apple-touch-icon-precomposed.png
2020-10-04 20:49:53,976 basehttp.log_message 157 WARNING => "GET /apple-touch-icon-precomposed.png HTTP/1.1" 404 4015
2020-10-04 20:49:53,981 log.log_response 224 WARNING => Not Found: /apple-touch-icon.png
2020-10-04 20:49:53,981 basehttp.log_message 157 WARNING => "GET /apple-touch-icon.png HTTP/1.1" 404 3979
2020-10-04 20:49:55,133 basehttp.log_message 157 INFO    => "GET /user/ HTTP/1.1" 200 31424
2020-10-04 20:50:00,845 basehttp.log_message 157 INFO    => "GET /books/ HTTP/1.1" 200 16290
2020-10-04 20:52:12,558 autoreload.run_with_reloader 613 INFO    => Watching for file changes with StatReloader
2020-10-04 20:52:16,179 basehttp.log_message 157 INFO    => "GET /books/ HTTP/1.1" 200 16290
2020-10-04 20:52:18,238 basehttp.log_message 157 INFO    => "OPTIONS /books/ HTTP/1.1" 200 16441
